# JRE version: Java(TM) SE Runtime Environment (8.0_151-b12) (build 1.8.0_151-b12)
# Java VM: Java HotSpot(TM) 64-Bit Server VM (25.151-b12 mixed mode bsd-amd64 compressed oops)
Heap:
 PSYoungGen      total 492032K, used 270435K [0x00000007a0000000, 0x00000007bfd80000, 0x00000007c0000000)
  eden space 465408K, 54% used [0x00000007a0000000,0x00000007af86bb20,0x00000007bc680000)
  from space 26624K, 60% used [0x00000007be380000,0x00000007bf32d320,0x00000007bfd80000)
  to   space 28160K, 0% used [0x00000007bc680000,0x00000007bc680000,0x00000007be200000)
 ParOldGen       total 280064K, used 244249K [0x0000000760000000, 0x0000000771180000, 0x00000007a0000000)
  object space 280064K, 87% used [0x0000000760000000,0x000000076ee86568,0x0000000771180000)
 Metaspace       used 127911K, capacity 148650K, committed 148776K, reserved 1175552K
  class space    used 16371K, capacity 22034K, committed 22064K, reserved 1048576K
GC Heap History (10 events):
Event: 44693.416 GC heap before
{Heap before GC invocations=162 (full 8):
 PSYoungGen      total 490496K, used 478738K [0x00000007a0000000, 0x00000007c0000000, 0x00000007c0000000)
  eden space 458752K, 100% used [0x00000007a0000000,0x00000007bc000000,0x00000007bc000000)
  from space 31744K, 62% used [0x00000007bc000000,0x00000007bd384a10,0x00000007bdf00000)
  to   space 31232K, 0% used [0x00000007be180000,0x00000007be180000,0x00000007c0000000)
 ParOldGen       total 280064K, used 238630K [0x0000000760000000, 0x0000000771180000, 0x00000007a0000000)
  object space 280064K, 85% used [0x0000000760000000,0x000000076e9098e0,0x0000000771180000)
 Metaspace       used 127682K, capacity 148238K, committed 148392K, reserved 1175552K
  class space    used 16329K, capacity 21904K, committed 21936K, reserved 1048576K
Event: 44693.633 GC heap after
Heap after GC invocations=162 (full 8):
 PSYoungGen      total 492032K, used 6643K [0x00000007a0000000, 0x00000007c0000000, 0x00000007c0000000)
  eden space 460800K, 0% used [0x00000007a0000000,0x00000007a0000000,0x00000007bc200000)
  from space 31232K, 21% used [0x00000007be180000,0x00000007be7fcfd8,0x00000007c0000000)
  to   space 31744K, 0% used [0x00000007bc200000,0x00000007bc200000,0x00000007be100000)
 ParOldGen       total 280064K, used 242447K [0x0000000760000000, 0x0000000771180000, 0x00000007a0000000)
  object space 280064K, 86% used [0x0000000760000000,0x000000076ecc3d70,0x0000000771180000)
 Metaspace       used 127682K, capacity 148238K, committed 148392K, reserved 1175552K
  class space    used 16329K, capacity 21904K, committed 21936K, reserved 1048576K
}
Event: 45100.390 GC heap before
{Heap before GC invocations=163 (full 8):
 PSYoungGen      total 492032K, used 467112K [0x00000007a0000000, 0x00000007c0000000, 0x00000007c0000000)
  eden space 460800K, 99% used [0x00000007a0000000,0x00000007bc1ad218,0x00000007bc200000)
  from space 31232K, 21% used [0x00000007be180000,0x00000007be7fcfd8,0x00000007c0000000)
  to   space 31744K, 0% used [0x00000007bc200000,0x00000007bc200000,0x00000007be100000)
 ParOldGen       total 280064K, used 242447K [0x0000000760000000, 0x0000000771180000, 0x00000007a0000000)
  object space 280064K, 86% used [0x0000000760000000,0x000000076ecc3d70,0x0000000771180000)
 Metaspace       used 127763K, capacity 148378K, committed 148520K, reserved 1175552K
  class space    used 16344K, capacity 21948K, committed 22064K, reserved 1048576K
Event: 45100.643 GC heap after
Heap after GC invocations=163 (full 8):
 PSYoungGen      total 492544K, used 9747K [0x00000007a0000000, 0x00000007bff80000, 0x00000007c0000000)
  eden space 460800K, 0% used [0x00000007a0000000,0x00000007a0000000,0x00000007bc200000)
  from space 31744K, 30% used [0x00000007bc200000,0x00000007bcb84fb8,0x00000007be100000)
  to   space 31232K, 0% used [0x00000007be100000,0x00000007be100000,0x00000007bff80000)
 ParOldGen       total 280064K, used 242782K [0x0000000760000000, 0x0000000771180000, 0x00000007a0000000)
  object space 280064K, 86% used [0x0000000760000000,0x000000076ed17b00,0x0000000771180000)
 Metaspace       used 127763K, capacity 148378K, committed 148520K, reserved 1175552K
  class space    used 16344K, capacity 21948K, committed 22064K, reserved 1048576K
}
Event: 45105.655 GC heap before
{Heap before GC invocations=164 (full 8):
 PSYoungGen      total 492544K, used 470547K [0x00000007a0000000, 0x00000007bff80000, 0x00000007c0000000)
  eden space 460800K, 100% used [0x00000007a0000000,0x00000007bc200000,0x00000007bc200000)
  from space 31744K, 30% used [0x00000007bc200000,0x00000007bcb84fb8,0x00000007be100000)
  to   space 31232K, 0% used [0x00000007be100000,0x00000007be100000,0x00000007bff80000)
 ParOldGen       total 280064K, used 242782K [0x0000000760000000, 0x0000000771180000, 0x00000007a0000000)
  object space 280064K, 86% used [0x0000000760000000,0x000000076ed17b00,0x0000000771180000)
 Metaspace       used 127792K, capacity 148398K, committed 148520K, reserved 1175552K
  class space    used 16348K, capacity 21952K, committed 22064K, reserved 1048576K
Event: 45105.708 GC heap after
Heap after GC invocations=164 (full 8):
 PSYoungGen      total 489472K, used 14566K [0x00000007a0000000, 0x00000007bfc80000, 0x00000007c0000000)
  eden space 461312K, 0% used [0x00000007a0000000,0x00000007a0000000,0x00000007bc280000)
  from space 28160K, 51% used [0x00000007be100000,0x00000007bef39a68,0x00000007bfc80000)
  to   space 29696K, 0% used [0x00000007bc280000,0x00000007bc280000,0x00000007bdf80000)
 ParOldGen       total 280064K, used 243110K [0x0000000760000000, 0x0000000771180000, 0x00000007a0000000)
  object space 280064K, 86% used [0x0000000760000000,0x000000076ed698e0,0x0000000771180000)
 Metaspace       used 127792K, capacity 148398K, committed 148520K, reserved 1175552K
  class space    used 16348K, capacity 21952K, committed 22064K, reserved 1048576K
}
Event: 45417.041 GC heap before
{Heap before GC invocations=165 (full 8):
 PSYoungGen      total 489472K, used 475878K [0x00000007a0000000, 0x00000007bfc80000, 0x00000007c0000000)
  eden space 461312K, 100% used [0x00000007a0000000,0x00000007bc280000,0x00000007bc280000)
  from space 28160K, 51% used [0x00000007be100000,0x00000007bef39a68,0x00000007bfc80000)
  to   space 29696K, 0% used [0x00000007bc280000,0x00000007bc280000,0x00000007bdf80000)
 ParOldGen       total 280064K, used 243110K [0x0000000760000000, 0x0000000771180000, 0x00000007a0000000)
  object space 280064K, 86% used [0x0000000760000000,0x000000076ed698e0,0x0000000771180000)
 Metaspace       used 127852K, capacity 148518K, committed 148776K, reserved 1175552K
  class space    used 16359K, capacity 21992K, committed 22064K, reserved 1048576K
Event: 45417.208 GC heap after
Heap after GC invocations=165 (full 8):
 PSYoungGen      total 491008K, used 9649K [0x00000007a0000000, 0x00000007c0000000, 0x00000007c0000000)
  eden space 461312K, 0% used [0x00000007a0000000,0x00000007a0000000,0x00000007bc280000)
  from space 29696K, 32% used [0x00000007bc280000,0x00000007bcbec498,0x00000007bdf80000)
  to   space 29184K, 0% used [0x00000007be380000,0x00000007be380000,0x00000007c0000000)
 ParOldGen       total 280064K, used 243470K [0x0000000760000000, 0x0000000771180000, 0x00000007a0000000)
  object space 280064K, 86% used [0x0000000760000000,0x000000076edc38e0,0x0000000771180000)
 Metaspace       used 127852K, capacity 148518K, committed 148776K, reserved 1175552K
  class space    used 16359K, capacity 21992K, committed 22064K, reserved 1048576K
}
Event: 45421.693 GC heap before
{Heap before GC invocations=166 (full 8):
 PSYoungGen      total 491008K, used 470961K [0x00000007a0000000, 0x00000007c0000000, 0x00000007c0000000)
  eden space 461312K, 100% used [0x00000007a0000000,0x00000007bc280000,0x00000007bc280000)
  from space 29696K, 32% used [0x00000007bc280000,0x00000007bcbec498,0x00000007bdf80000)
  to   space 29184K, 0% used [0x00000007be380000,0x00000007be380000,0x00000007c0000000)
 ParOldGen       total 280064K, used 243470K [0x0000000760000000, 0x0000000771180000, 0x00000007a0000000)
  object space 280064K, 86% used [0x0000000760000000,0x000000076edc38e0,0x0000000771180000)
 Metaspace       used 127864K, capacity 148524K, committed 148776K, reserved 1175552K
  class space    used 16360K, capacity 21993K, committed 22064K, reserved 1048576K
Event: 45421.772 GC heap after
Heap after GC invocations=166 (full 8):
 PSYoungGen      total 492032K, used 16052K [0x00000007a0000000, 0x00000007bfd80000, 0x00000007c0000000)
  eden space 465408K, 0% used [0x00000007a0000000,0x00000007a0000000,0x00000007bc680000)
  from space 26624K, 60% used [0x00000007be380000,0x00000007bf32d320,0x00000007bfd80000)
  to   space 28160K, 0% used [0x00000007bc680000,0x00000007bc680000,0x00000007be200000)
 ParOldGen       total 280064K, used 244249K [0x0000000760000000, 0x0000000771180000, 0x00000007a0000000)
  object space 280064K, 87% used [0x0000000760000000,0x000000076ee86568,0x0000000771180000)
 Metaspace       used 127864K, capacity 148524K, committed 148776K, reserved 1175552K
  class space    used 16360K, capacity 21993K, committed 22064K, reserved 1048576K
}

